
############################################################################################################
##                                 ETL Pipeline Tool                                                      ##
##                                                                                                        ##
## Tool is developed by Shankar N G                                                                       ##
## This Tool first checks all the tables and coloumns are present or not                                  ##
## It then Checks for the live call and extracts the events                                               ##
## Filters the coloumns and transforms it                                                                 ##
## Creates and Excel File on the user requests                                                            ##
## Inserts the data into the database tables                                                              ##
## Contact Shankar for More Information                                                                   ##
############################################################################################################


############################################################################################################
##                                 ETL Pipeline Tool                                                      ##
##                                                                                                        ##
## Tool is developed by Shankar N G                                                                       ##
## This Tool first checks all the tables and coloumns are present or not                                  ##
## It then Checks for the live call and extracts the events                                               ##
## Filters the coloumns and transforms it                                                                 ##
## Creates and Excel File on the user requests                                                            ##
## Inserts the data into the database tables                                                              ##
## Contact Shankar for More Information                                                                   ##
############################################################################################################


############################################################################################################
##                                 ETL Pipeline Tool                                                      ##
##                                                                                                        ##
## Tool is developed by Shankar N G                                                                       ##
## This Tool first checks all the tables and coloumns are present or not                                  ##
## It then Checks for the live call and extracts the events                                               ##
## Filters the coloumns and transforms it                                                                 ##
## Creates and Excel File on the user requests                                                            ##
## Inserts the data into the database tables                                                              ##
## Contact Shankar for More Information                                                                   ##
############################################################################################################


############################################################################################################
##                                 ETL Pipeline Tool                                                      ##
##                                                                                                        ##
## Tool is developed by Shankar N G                                                                       ##
## This Tool first checks all the tables and coloumns are present or not                                  ##
## It then Checks for the live call and extracts the events                                               ##
## Filters the coloumns and transforms it                                                                 ##
## Creates and Excel File on the user requests                                                            ##
## Inserts the data into the database tables                                                              ##
## Contact Shankar for More Information                                                                   ##
############################################################################################################


############################################################################################################
##                                 ETL Pipeline Tool                                                      ##
##                                                                                                        ##
## Tool is developed by Shankar N G                                                                       ##
## This Tool first checks all the tables and coloumns are present or not                                  ##
## It then Checks for the live call and extracts the events                                               ##
## Filters the coloumns and transforms it                                                                 ##
## Creates and Excel File on the user requests                                                            ##
## Inserts the data into the database tables                                                              ##
## Contact Shankar for More Information                                                                   ##
############################################################################################################


############################################################################################################
##                                 ETL Pipeline Tool                                                      ##
##                                                                                                        ##
## Tool is developed by Shankar N G                                                                       ##
## This Tool first checks all the tables and coloumns are present or not                                  ##
## It then Checks for the live call and extracts the events                                               ##
## Filters the coloumns and transforms it                                                                 ##
## Creates and Excel File on the user requests                                                            ##
## Inserts the data into the database tables                                                              ##
## Contact Shankar for More Information                                                                   ##
############################################################################################################


############################################################################################################
##                                 ETL Pipeline Tool                                                      ##
##                                                                                                        ##
## Tool is developed by Shankar N G                                                                       ##
## This Tool first checks all the tables and coloumns are present or not                                  ##
## It then Checks for the live call and extracts the events                                               ##
## Filters the coloumns and transforms it                                                                 ##
## Creates and Excel File on the user requests                                                            ##
## Inserts the data into the database tables                                                              ##
## Contact Shankar for More Information                                                                   ##
############################################################################################################


############################################################################################################
##                                 ETL Pipeline Tool                                                      ##
##                                                                                                        ##
## Tool is developed by Shankar N G                                                                       ##
## This Tool first checks all the tables and coloumns are present or not                                  ##
## It then Checks for the live call and extracts the events                                               ##
## Filters the coloumns and transforms it                                                                 ##
## Creates and Excel File on the user requests                                                            ##
## Inserts the data into the database tables                                                              ##
## Contact Shankar for More Information                                                                   ##
############################################################################################################


############################################################################################################
##                                 ETL Pipeline Tool                                                      ##
##                                                                                                        ##
## Tool is developed by Shankar N G                                                                       ##
## This Tool first checks all the tables and coloumns are present or not                                  ##
## It then Checks for the live call and extracts the events                                               ##
## Filters the coloumns and transforms it                                                                 ##
## Creates and Excel File on the user requests                                                            ##
## Inserts the data into the database tables                                                              ##
## Contact Shankar for More Information                                                                   ##
############################################################################################################


############################################################################################################
##                                 ETL Pipeline Tool                                                      ##
##                                                                                                        ##
## Tool is developed by Shankar N G                                                                       ##
## This Tool first checks all the tables and coloumns are present or not                                  ##
## It then Checks for the live call and extracts the events                                               ##
## Filters the coloumns and transforms it                                                                 ##
## Creates and Excel File on the user requests                                                            ##
## Inserts the data into the database tables                                                              ##
## Contact Shankar for More Information                                                                   ##
############################################################################################################


############################################################################################################
##                                 ETL Pipeline Tool                                                      ##
##                                                                                                        ##
## Tool is developed by Shankar N G                                                                       ##
## This Tool first checks all the tables and coloumns are present or not                                  ##
## It then Checks for the live call and extracts the events                                               ##
## Filters the coloumns and transforms it                                                                 ##
## Creates and Excel File on the user requests                                                            ##
## Inserts the data into the database tables                                                              ##
## Contact Shankar for More Information                                                                   ##
############################################################################################################


############################################################################################################
##                                 ETL Pipeline Tool                                                      ##
##                                                                                                        ##
## Tool is developed by Shankar N G                                                                       ##
## This Tool first checks all the tables and coloumns are present or not                                  ##
## It then Checks for the live call and extracts the events                                               ##
## Filters the coloumns and transforms it                                                                 ##
## Creates and Excel File on the user requests                                                            ##
## Inserts the data into the database tables                                                              ##
## Contact Shankar for More Information                                                                   ##
############################################################################################################


############################################################################################################
##                                 ETL Pipeline Tool                                                      ##
##                                                                                                        ##
## Tool is developed by Shankar N G                                                                       ##
## This Tool first checks all the tables and coloumns are present or not                                  ##
## It then Checks for the live call and extracts the events                                               ##
## Filters the coloumns and transforms it                                                                 ##
## Creates and Excel File on the user requests                                                            ##
## Inserts the data into the database tables                                                              ##
## Contact Shankar for More Information                                                                   ##
############################################################################################################


############################################################################################################
##                                 ETL Pipeline Tool                                                      ##
##                                                                                                        ##
## Tool is developed by Shankar N G                                                                       ##
## This Tool first checks all the tables and coloumns are present or not                                  ##
## It then Checks for the live call and extracts the events                                               ##
## Filters the coloumns and transforms it                                                                 ##
## Creates and Excel File on the user requests                                                            ##
## Inserts the data into the database tables                                                              ##
## Contact Shankar for More Information                                                                   ##
############################################################################################################


############################################################################################################
##                                 ETL Pipeline Tool                                                      ##
##                                                                                                        ##
## Tool is developed by Shankar N G                                                                       ##
## This Tool first checks all the tables and coloumns are present or not                                  ##
## It then Checks for the live call and extracts the events                                               ##
## Filters the coloumns and transforms it                                                                 ##
## Creates and Excel File on the user requests                                                            ##
## Inserts the data into the database tables                                                              ##
## Contact Shankar for More Information                                                                   ##
############################################################################################################


############################################################################################################
##                                 ETL Pipeline Tool                                                      ##
##                                                                                                        ##
## Tool is developed by Shankar N G                                                                       ##
## This Tool first checks all the tables and coloumns are present or not                                  ##
## It then Checks for the live call and extracts the events                                               ##
## Filters the coloumns and transforms it                                                                 ##
## Creates and Excel File on the user requests                                                            ##
## Inserts the data into the database tables                                                              ##
## Contact Shankar for More Information                                                                   ##
############################################################################################################


############################################################################################################
##                                 ETL Pipeline Tool                                                      ##
##                                                                                                        ##
## Tool is developed by Shankar N G                                                                       ##
## This Tool first checks all the tables and coloumns are present or not                                  ##
## It then Checks for the live call and extracts the events                                               ##
## Filters the coloumns and transforms it                                                                 ##
## Creates and Excel File on the user requests                                                            ##
## Inserts the data into the database tables                                                              ##
## Contact Shankar for More Information                                                                   ##
############################################################################################################


############################################################################################################
##                                 ETL Pipeline Tool                                                      ##
##                                                                                                        ##
## Tool is developed by Shankar N G                                                                       ##
## This Tool first checks all the tables and coloumns are present or not                                  ##
## It then Checks for the live call and extracts the events                                               ##
## Filters the coloumns and transforms it                                                                 ##
## Creates and Excel File on the user requests                                                            ##
## Inserts the data into the database tables                                                              ##
## Contact Shankar for More Information                                                                   ##
############################################################################################################


############################################################################################################
##                                 ETL Pipeline Tool                                                      ##
##                                                                                                        ##
## Tool is developed by Shankar N G                                                                       ##
## This Tool first checks all the tables and coloumns are present or not                                  ##
## It then Checks for the live call and extracts the events                                               ##
## Filters the coloumns and transforms it                                                                 ##
## Creates and Excel File on the user requests                                                            ##
## Inserts the data into the database tables                                                              ##
## Contact Shankar for More Information                                                                   ##
############################################################################################################


############################################################################################################
##                                 ETL Pipeline Tool                                                      ##
##                                                                                                        ##
## Tool is developed by Shankar N G                                                                       ##
## This Tool first checks all the tables and coloumns are present or not                                  ##
## It then Checks for the live call and extracts the events                                               ##
## Filters the coloumns and transforms it                                                                 ##
## Creates and Excel File on the user requests                                                            ##
## Inserts the data into the database tables                                                              ##
## Contact Shankar for More Information                                                                   ##
############################################################################################################


############################################################################################################
##                                 ETL Pipeline Tool                                                      ##
##                                                                                                        ##
## Tool is developed by Shankar N G                                                                       ##
## This Tool first checks all the tables and coloumns are present or not                                  ##
## It then Checks for the live call and extracts the events                                               ##
## Filters the coloumns and transforms it                                                                 ##
## Creates and Excel File on the user requests                                                            ##
## Inserts the data into the database tables                                                              ##
## Contact Shankar for More Information                                                                   ##
############################################################################################################


############################################################################################################
##                                 ETL Pipeline Tool                                                      ##
##                                                                                                        ##
## Tool is developed by Shankar N G                                                                       ##
## This Tool first checks all the tables and coloumns are present or not                                  ##
## It then Checks for the live call and extracts the events                                               ##
## Filters the coloumns and transforms it                                                                 ##
## Creates and Excel File on the user requests                                                            ##
## Inserts the data into the database tables                                                              ##
## Contact Shankar for More Information                                                                   ##
############################################################################################################


############################################################################################################
##                                 ETL Pipeline Tool                                                      ##
##                                                                                                        ##
## Tool is developed by Shankar N G                                                                       ##
## This Tool first checks all the tables and coloumns are present or not                                  ##
## It then Checks for the live call and extracts the events                                               ##
## Filters the coloumns and transforms it                                                                 ##
## Creates and Excel File on the user requests                                                            ##
## Inserts the data into the database tables                                                              ##
## Contact Shankar for More Information                                                                   ##
############################################################################################################


############################################################################################################
##                                 ETL Pipeline Tool                                                      ##
##                                                                                                        ##
## Tool is developed by Shankar N G                                                                       ##
## This Tool first checks all the tables and coloumns are present or not                                  ##
## It then Checks for the live call and extracts the events                                               ##
## Filters the coloumns and transforms it                                                                 ##
## Creates and Excel File on the user requests                                                            ##
## Inserts the data into the database tables                                                              ##
## Contact Shankar for More Information                                                                   ##
############################################################################################################


############################################################################################################
##                                 ETL Pipeline Tool                                                      ##
##                                                                                                        ##
## Tool is developed by Shankar N G                                                                       ##
## This Tool first checks all the tables and coloumns are present or not                                  ##
## It then Checks for the live call and extracts the events                                               ##
## Filters the coloumns and transforms it                                                                 ##
## Creates and Excel File on the user requests                                                            ##
## Inserts the data into the database tables                                                              ##
## Contact Shankar for More Information                                                                   ##
############################################################################################################


############################################################################################################
##                                 ETL Pipeline Tool                                                      ##
##                                                                                                        ##
## Tool is developed by Shankar N G                                                                       ##
## This Tool first checks all the tables and coloumns are present or not                                  ##
## It then Checks for the live call and extracts the events                                               ##
## Filters the coloumns and transforms it                                                                 ##
## Creates and Excel File on the user requests                                                            ##
## Inserts the data into the database tables                                                              ##
## Contact Shankar for More Information                                                                   ##
############################################################################################################


############################################################################################################
##                                 ETL Pipeline Tool                                                      ##
##                                                                                                        ##
## Tool is developed by Shankar N G                                                                       ##
## This Tool first checks all the tables and coloumns are present or not                                  ##
## It then Checks for the live call and extracts the events                                               ##
## Filters the coloumns and transforms it                                                                 ##
## Creates and Excel File on the user requests                                                            ##
## Inserts the data into the database tables                                                              ##
## Contact Shankar for More Information                                                                   ##
############################################################################################################


############################################################################################################
##                                 ETL Pipeline Tool                                                      ##
##                                                                                                        ##
## Tool is developed by Shankar N G                                                                       ##
## This Tool first checks all the tables and coloumns are present or not                                  ##
## It then Checks for the live call and extracts the events                                               ##
## Filters the coloumns and transforms it                                                                 ##
## Creates and Excel File on the user requests                                                            ##
## Inserts the data into the database tables                                                              ##
## Contact Shankar for More Information                                                                   ##
############################################################################################################


############################################################################################################
##                                 ETL Pipeline Tool                                                      ##
##                                                                                                        ##
## Tool is developed by Shankar N G                                                                       ##
## This Tool first checks all the tables and coloumns are present or not                                  ##
## It then Checks for the live call and extracts the events                                               ##
## Filters the coloumns and transforms it                                                                 ##
## Creates and Excel File on the user requests                                                            ##
## Inserts the data into the database tables                                                              ##
## Contact Shankar for More Information                                                                   ##
############################################################################################################


############################################################################################################
##                                 ETL Pipeline Tool                                                      ##
##                                                                                                        ##
## Tool is developed by Shankar N G                                                                       ##
## This Tool first checks all the tables and coloumns are present or not                                  ##
## It then Checks for the live call and extracts the events                                               ##
## Filters the coloumns and transforms it                                                                 ##
## Creates and Excel File on the user requests                                                            ##
## Inserts the data into the database tables                                                              ##
## Contact Shankar for More Information                                                                   ##
############################################################################################################


############################################################################################################
##                                 ETL Pipeline Tool                                                      ##
##                                                                                                        ##
## Tool is developed by Shankar N G                                                                       ##
## This Tool first checks all the tables and coloumns are present or not                                  ##
## It then Checks for the live call and extracts the events                                               ##
## Filters the coloumns and transforms it                                                                 ##
## Creates and Excel File on the user requests                                                            ##
## Inserts the data into the database tables                                                              ##
## Contact Shankar for More Information                                                                   ##
############################################################################################################


############################################################################################################
##                                 ETL Pipeline Tool                                                      ##
##                                                                                                        ##
## Tool is developed by Shankar N G                                                                       ##
## This Tool first checks all the tables and coloumns are present or not                                  ##
## It then Checks for the live call and extracts the events                                               ##
## Filters the coloumns and transforms it                                                                 ##
## Creates and Excel File on the user requests                                                            ##
## Inserts the data into the database tables                                                              ##
## Contact Shankar for More Information                                                                   ##
############################################################################################################


############################################################################################################
##                                 ETL Pipeline Tool                                                      ##
##                                                                                                        ##
## Tool is developed by Shankar N G                                                                       ##
## This Tool first checks all the tables and coloumns are present or not                                  ##
## It then Checks for the live call and extracts the events                                               ##
## Filters the coloumns and transforms it                                                                 ##
## Creates and Excel File on the user requests                                                            ##
## Inserts the data into the database tables                                                              ##
## Contact Shankar for More Information                                                                   ##
############################################################################################################


############################################################################################################
##                                 ETL Pipeline Tool                                                      ##
##                                                                                                        ##
## Tool is developed by Shankar N G                                                                       ##
## This Tool first checks all the tables and coloumns are present or not                                  ##
## It then Checks for the live call and extracts the events                                               ##
## Filters the coloumns and transforms it                                                                 ##
## Creates and Excel File on the user requests                                                            ##
## Inserts the data into the database tables                                                              ##
## Contact Shankar for More Information                                                                   ##
############################################################################################################


############################################################################################################
##                                 ETL Pipeline Tool                                                      ##
##                                                                                                        ##
## Tool is developed by Shankar N G                                                                       ##
## This Tool first checks all the tables and coloumns are present or not                                  ##
## It then Checks for the live call and extracts the events                                               ##
## Filters the coloumns and transforms it                                                                 ##
## Creates and Excel File on the user requests                                                            ##
## Inserts the data into the database tables                                                              ##
## Contact Shankar for More Information                                                                   ##
############################################################################################################


############################################################################################################
##                                 ETL Pipeline Tool                                                      ##
##                                                                                                        ##
## Tool is developed by Shankar N G                                                                       ##
## This Tool first checks all the tables and coloumns are present or not                                  ##
## It then Checks for the live call and extracts the events                                               ##
## Filters the coloumns and transforms it                                                                 ##
## Creates and Excel File on the user requests                                                            ##
## Inserts the data into the database tables                                                              ##
## Contact Shankar for More Information                                                                   ##
############################################################################################################


############################################################################################################
##                                 ETL Pipeline Tool                                                      ##
##                                                                                                        ##
## Tool is developed by Shankar N G                                                                       ##
## This Tool first checks all the tables and coloumns are present or not                                  ##
## It then Checks for the live call and extracts the events                                               ##
## Filters the coloumns and transforms it                                                                 ##
## Creates and Excel File on the user requests                                                            ##
## Inserts the data into the database tables                                                              ##
## Contact Shankar for More Information                                                                   ##
############################################################################################################


############################################################################################################
##                                 ETL Pipeline Tool                                                      ##
##                                                                                                        ##
## Tool is developed by Shankar N G                                                                       ##
## This Tool first checks all the tables and coloumns are present or not                                  ##
## It then Checks for the live call and extracts the events                                               ##
## Filters the coloumns and transforms it                                                                 ##
## Creates and Excel File on the user requests                                                            ##
## Inserts the data into the database tables                                                              ##
## Contact Shankar for More Information                                                                   ##
############################################################################################################


############################################################################################################
##                                 ETL Pipeline Tool                                                      ##
##                                                                                                        ##
## Tool is developed by Shankar N G                                                                       ##
## This Tool first checks all the tables and coloumns are present or not                                  ##
## It then Checks for the live call and extracts the events                                               ##
## Filters the coloumns and transforms it                                                                 ##
## Creates and Excel File on the user requests                                                            ##
## Inserts the data into the database tables                                                              ##
## Contact Shankar for More Information                                                                   ##
############################################################################################################


############################################################################################################
##                                 ETL Pipeline Tool                                                      ##
##                                                                                                        ##
## Tool is developed by Shankar N G                                                                       ##
## This Tool first checks all the tables and coloumns are present or not                                  ##
## It then Checks for the live call and extracts the events                                               ##
## Filters the coloumns and transforms it                                                                 ##
## Creates and Excel File on the user requests                                                            ##
## Inserts the data into the database tables                                                              ##
## Contact Shankar for More Information                                                                   ##
############################################################################################################


############################################################################################################
##                                 ETL Pipeline Tool                                                      ##
##                                                                                                        ##
## Tool is developed by Shankar N G                                                                       ##
## This Tool first checks all the tables and coloumns are present or not                                  ##
## It then Checks for the live call and extracts the events                                               ##
## Filters the coloumns and transforms it                                                                 ##
## Creates and Excel File on the user requests                                                            ##
## Inserts the data into the database tables                                                              ##
## Contact Shankar for More Information                                                                   ##
############################################################################################################


############################################################################################################
##                                 ETL Pipeline Tool                                                      ##
##                                                                                                        ##
## Tool is developed by Shankar N G                                                                       ##
## This Tool first checks all the tables and coloumns are present or not                                  ##
## It then Checks for the live call and extracts the events                                               ##
## Filters the coloumns and transforms it                                                                 ##
## Creates and Excel File on the user requests                                                            ##
## Inserts the data into the database tables                                                              ##
## Contact Shankar for More Information                                                                   ##
############################################################################################################

